# JRE version: OpenJDK Runtime Environment JBR-17.0.7+7-1000.6-jcef (17.0.7+7) (build 17.0.7+7-b1000.6)
# Java VM: OpenJDK 64-Bit Server VM JBR-17.0.7+7-1000.6-jcef (17.0.7+7-b1000.6, mixed mode, tiered, compressed oops, compressed class ptrs, g1 gc, windows-amd64)
GC Precious Log:
 CPUs: 16 total, 16 available
 Memory: 14181M
 Large Page Support: Disabled
 NUMA Support: Disabled
 Compressed Oops: Enabled (32-bit)
 Heap Region Size: 1M
 Heap Min Capacity: 8M
 Heap Initial Capacity: 222M
 Heap Max Capacity: 2G
 Pre-touch: Disabled
 Parallel Workers: 13
 Concurrent Workers: 3
 Concurrent Refinement Workers: 13
 Periodic GC: Disabled
Heap:
 garbage-first heap   total 378880K, used 137477K [0x0000000080000000, 0x0000000100000000)
  region size 1024K, 27 young (27648K), 2 survivors (2048K)
 Metaspace       used 127710K, committed 128704K, reserved 1179648K
  class space    used 18300K, committed 18816K, reserved 1048576K
GC Heap History (20 events):
Event: 33.165 GC heap before
{Heap before GC invocations=48 (full 0):
 garbage-first heap   total 162816K, used 129582K [0x0000000080000000, 0x0000000100000000)
  region size 1024K, 43 young (44032K), 4 survivors (4096K)
 Metaspace       used 97515K, committed 98176K, reserved 1179648K
  class space    used 13451K, committed 13760K, reserved 1048576K
}
Event: 33.170 GC heap after
{Heap after GC invocations=49 (full 0):
 garbage-first heap   total 162816K, used 93459K [0x0000000080000000, 0x0000000100000000)
  region size 1024K, 6 young (6144K), 6 survivors (6144K)
 Metaspace       used 97515K, committed 98176K, reserved 1179648K
  class space    used 13451K, committed 13760K, reserved 1048576K
}
Event: 33.623 GC heap before
{Heap before GC invocations=49 (full 0):
 garbage-first heap   total 162816K, used 134419K [0x0000000080000000, 0x0000000100000000)
  region size 1024K, 47 young (48128K), 6 survivors (6144K)
 Metaspace       used 99089K, committed 99776K, reserved 1179648K
  class space    used 13669K, committed 14016K, reserved 1048576K
}
Event: 33.628 GC heap after
{Heap after GC invocations=50 (full 0):
 garbage-first heap   total 162816K, used 96676K [0x0000000080000000, 0x0000000100000000)
  region size 1024K, 6 young (6144K), 6 survivors (6144K)
 Metaspace       used 99089K, committed 99776K, reserved 1179648K
  class space    used 13669K, committed 14016K, reserved 1048576K
}
Event: 33.940 GC heap before
{Heap before GC invocations=50 (full 0):
 garbage-first heap   total 162816K, used 135588K [0x0000000080000000, 0x0000000100000000)
  region size 1024K, 45 young (46080K), 6 survivors (6144K)
 Metaspace       used 99265K, committed 99968K, reserved 1179648K
  class space    used 13693K, committed 14016K, reserved 1048576K
}
Event: 33.946 GC heap after
{Heap after GC invocations=51 (full 0):
 garbage-first heap   total 162816K, used 99031K [0x0000000080000000, 0x0000000100000000)
  region size 1024K, 3 young (3072K), 3 survivors (3072K)
 Metaspace       used 99265K, committed 99968K, reserved 1179648K
  class space    used 13693K, committed 14016K, reserved 1048576K
}
Event: 47.350 GC heap before
{Heap before GC invocations=52 (full 0):
 garbage-first heap   total 168960K, used 135895K [0x0000000080000000, 0x0000000100000000)
  region size 1024K, 40 young (40960K), 3 survivors (3072K)
 Metaspace       used 101788K, committed 102592K, reserved 1179648K
  class space    used 14000K, committed 14400K, reserved 1048576K
}
Event: 47.355 GC heap after
{Heap after GC invocations=53 (full 0):
 garbage-first heap   total 168960K, used 102902K [0x0000000080000000, 0x0000000100000000)
  region size 1024K, 5 young (5120K), 5 survivors (5120K)
 Metaspace       used 101788K, committed 102592K, reserved 1179648K
  class space    used 14000K, committed 14400K, reserved 1048576K
}
Event: 47.448 GC heap before
{Heap before GC invocations=53 (full 0):
 garbage-first heap   total 168960K, used 104950K [0x0000000080000000, 0x0000000100000000)
  region size 1024K, 8 young (8192K), 5 survivors (5120K)
 Metaspace       used 102092K, committed 102848K, reserved 1179648K
  class space    used 14032K, committed 14400K, reserved 1048576K
}
Event: 47.452 GC heap after
{Heap after GC invocations=54 (full 0):
 garbage-first heap   total 168960K, used 103766K [0x0000000080000000, 0x0000000100000000)
  region size 1024K, 1 young (1024K), 1 survivors (1024K)
 Metaspace       used 102092K, committed 102848K, reserved 1179648K
  class space    used 14032K, committed 14400K, reserved 1048576K
}
Event: 47.987 GC heap before
{Heap before GC invocations=54 (full 0):
 garbage-first heap   total 168960K, used 140630K [0x0000000080000000, 0x0000000100000000)
  region size 1024K, 38 young (38912K), 1 survivors (1024K)
 Metaspace       used 103521K, committed 104320K, reserved 1179648K
  class space    used 14257K, committed 14656K, reserved 1048576K
}
Event: 47.993 GC heap after
{Heap after GC invocations=55 (full 0):
 garbage-first heap   total 378880K, used 106499K [0x0000000080000000, 0x0000000100000000)
  region size 1024K, 4 young (4096K), 4 survivors (4096K)
 Metaspace       used 103521K, committed 104320K, reserved 1179648K
  class space    used 14257K, committed 14656K, reserved 1048576K
}
Event: 50.795 GC heap before
{Heap before GC invocations=55 (full 0):
 garbage-first heap   total 378880K, used 286723K [0x0000000080000000, 0x0000000100000000)
  region size 1024K, 181 young (185344K), 4 survivors (4096K)
 Metaspace       used 121859K, committed 122752K, reserved 1179648K
  class space    used 17517K, committed 17920K, reserved 1048576K
}
Event: 50.809 GC heap after
{Heap after GC invocations=56 (full 0):
 garbage-first heap   total 378880K, used 117929K [0x0000000080000000, 0x0000000100000000)
  region size 1024K, 15 young (15360K), 15 survivors (15360K)
 Metaspace       used 121859K, committed 122752K, reserved 1179648K
  class space    used 17517K, committed 17920K, reserved 1048576K
}
Event: 52.111 GC heap before
{Heap before GC invocations=56 (full 0):
 garbage-first heap   total 378880K, used 220329K [0x0000000080000000, 0x0000000100000000)
  region size 1024K, 87 young (89088K), 15 survivors (15360K)
 Metaspace       used 125989K, committed 126976K, reserved 1179648K
  class space    used 18145K, committed 18624K, reserved 1048576K
}
Event: 52.120 GC heap after
{Heap after GC invocations=57 (full 0):
 garbage-first heap   total 378880K, used 143630K [0x0000000080000000, 0x0000000100000000)
  region size 1024K, 7 young (7168K), 7 survivors (7168K)
 Metaspace       used 125989K, committed 126976K, reserved 1179648K
  class space    used 18145K, committed 18624K, reserved 1048576K
}
Event: 2159.903 GC heap before
{Heap before GC invocations=58 (full 0):
 garbage-first heap   total 378880K, used 309518K [0x0000000080000000, 0x0000000100000000)
  region size 1024K, 169 young (173056K), 7 survivors (7168K)
 Metaspace       used 127583K, committed 128576K, reserved 1179648K
  class space    used 18283K, committed 18752K, reserved 1048576K
}
Event: 2160.136 GC heap after
{Heap after GC invocations=59 (full 0):
 garbage-first heap   total 378880K, used 112720K [0x0000000080000000, 0x0000000100000000)
  region size 1024K, 7 young (7168K), 7 survivors (7168K)
 Metaspace       used 127583K, committed 128576K, reserved 1179648K
  class space    used 18283K, committed 18752K, reserved 1048576K
}
Event: 2365.091 GC heap before
{Heap before GC invocations=59 (full 0):
 garbage-first heap   total 378880K, used 123984K [0x0000000080000000, 0x0000000100000000)
  region size 1024K, 18 young (18432K), 7 survivors (7168K)
 Metaspace       used 127599K, committed 128640K, reserved 1179648K
  class space    used 18284K, committed 18816K, reserved 1048576K
}
Event: 2365.230 GC heap after
{Heap after GC invocations=60 (full 0):
 garbage-first heap   total 378880K, used 112901K [0x0000000080000000, 0x0000000100000000)
  region size 1024K, 2 young (2048K), 2 survivors (2048K)
 Metaspace       used 127599K, committed 128640K, reserved 1179648K
  class space    used 18284K, committed 18816K, reserved 1048576K
}

